app/build/intermediates/manifest_merge_blame_file/debug/manifest-merger-blame-debug-report.txt
1<?xml version="1.0" encoding="utf-8"?>
2<manifest xmlns:android="http://schemas.android.com/apk/res/android"
3    package="com.rajasoftwarelabs.intentsassignment"
4    android:versionCode="1"
5    android:versionName="1.0" >
6
7    <uses-sdk
8        android:minSdkVersion="21"
8-->src/main/AndroidManifest.xml
9        android:targetSdkVersion="29" />
9-->src/main/AndroidManifest.xml
10
11    <queries>
11-->src/main/AndroidManifest.xml:5:5-9:15
12        <intent>
12-->src/main/AndroidManifest.xml:6:9-8:18
13            <action android:name="android.media.action.IMAGE_CAPTURE" />
13-->src/main/AndroidManifest.xml:7:13-73
13-->src/main/AndroidManifest.xml:7:21-70
14        </intent>
15    </queries>
16
17    <application
17-->src/main/AndroidManifest.xml:11:5-29:19
18        android:allowBackup="true"
18-->src/main/AndroidManifest.xml:12:9-35
19        android:appComponentFactory="androidx.core.app.CoreComponentFactory"
19-->[androidx.core:core:1.1.0] AndroidManifest.xml:24:18-86
20        android:debuggable="true"
21        android:icon="@mipmap/ic_launcher"
21-->src/main/AndroidManifest.xml:13:9-43
22        android:label="@string/app_name"
22-->src/main/AndroidManifest.xml:14:9-41
23        android:roundIcon="@mipmap/ic_launcher_round"
23-->src/main/AndroidManifest.xml:15:9-54
24        android:supportsRtl="true"
24-->src/main/AndroidManifest.xml:16:9-35
25        android:testOnly="true"
26        android:theme="@style/AppTheme" >
26-->src/main/AndroidManifest.xml:17:9-40
27        <activity
27-->src/main/AndroidManifest.xml:19:9-25:20
28            android:name="com.rajasoftwarelabs.intentsassignment.MainActivity"
28-->src/main/AndroidManifest.xml:19:19-47
29            android:exported="true" >
29-->src/main/AndroidManifest.xml:20:13-36
30            <intent-filter>
30-->src/main/AndroidManifest.xml:21:13-24:29
31                <action android:name="android.intent.action.MAIN" />
31-->src/main/AndroidManifest.xml:22:17-69
31-->src/main/AndroidManifest.xml:22:25-66
32
33                <category android:name="android.intent.category.LAUNCHER" />
33-->src/main/AndroidManifest.xml:23:17-77
33-->src/main/AndroidManifest.xml:23:27-74
34            </intent-filter>
35        </activity>
36        <activity
36-->src/main/AndroidManifest.xml:27:9-28:58
37            android:name="com.rajasoftwarelabs.intentsassignment.NameActivity"
37-->src/main/AndroidManifest.xml:27:19-47
38            android:parentActivityName="com.rajasoftwarelabs.intentsassignment.MainActivity" />
38-->src/main/AndroidManifest.xml:28:13-55
39    </application>
40
41</manifest>